[2024-03-30 19:27:03] local.ERROR: Cron: : Exception in sync_tanent_report  : Company Id :1, : Date :2024-03-30, BadMethodCallException: Method App\Http\Controllers\CustomerController::render does not exist. in D:\projects\Analytics-App\web-app\backend\vendor\laravel\framework\src\Illuminate\Routing\Controller.php:68
Stack trace:
#0 D:\projects\Analytics-App\web-app\backend\app\Console\Commands\sync_customer_report.php(37): Illuminate\Routing\Controller->__call('render', Array)
#1 D:\projects\Analytics-App\web-app\backend\vendor\laravel\framework\src\Illuminate\Container\BoundMethod.php(36): App\Console\Commands\sync_customer_report->handle()
#2 D:\projects\Analytics-App\web-app\backend\vendor\laravel\framework\src\Illuminate\Container\Util.php(41): Illuminate\Container\BoundMethod::Illuminate\Container\{closure}()
#3 D:\projects\Analytics-App\web-app\backend\vendor\laravel\framework\src\Illuminate\Container\BoundMethod.php(93): Illuminate\Container\Util::unwrapIfClosure(Object(Closure))
#4 D:\projects\Analytics-App\web-app\backend\vendor\laravel\framework\src\Illuminate\Container\BoundMethod.php(37): Illuminate\Container\BoundMethod::callBoundMethod(Object(Illuminate\Foundation\Application), Array, Object(Closure))
#5 D:\projects\Analytics-App\web-app\backend\vendor\laravel\framework\src\Illuminate\Container\Container.php(651): Illuminate\Container\BoundMethod::call(Object(Illuminate\Foundation\Application), Array, Array, NULL)
#6 D:\projects\Analytics-App\web-app\backend\vendor\laravel\framework\src\Illuminate\Console\Command.php(144): Illuminate\Container\Container->call(Array)
#7 D:\projects\Analytics-App\web-app\backend\vendor\symfony\console\Command\Command.php(308): Illuminate\Console\Command->execute(Object(Symfony\Component\Console\Input\ArgvInput), Object(Illuminate\Console\OutputStyle))
#8 D:\projects\Analytics-App\web-app\backend\vendor\laravel\framework\src\Illuminate\Console\Command.php(126): Symfony\Component\Console\Command\Command->run(Object(Symfony\Component\Console\Input\ArgvInput), Object(Illuminate\Console\OutputStyle))
#9 D:\projects\Analytics-App\web-app\backend\vendor\symfony\console\Application.php(1002): Illuminate\Console\Command->run(Object(Symfony\Component\Console\Input\ArgvInput), Object(Symfony\Component\Console\Output\ConsoleOutput))
#10 D:\projects\Analytics-App\web-app\backend\vendor\symfony\console\Application.php(299): Symfony\Component\Console\Application->doRunCommand(Object(App\Console\Commands\sync_customer_report), Object(Symfony\Component\Console\Input\ArgvInput), Object(Symfony\Component\Console\Output\ConsoleOutput))
#11 D:\projects\Analytics-App\web-app\backend\vendor\symfony\console\Application.php(171): Symfony\Component\Console\Application->doRun(Object(Symfony\Component\Console\Input\ArgvInput), Object(Symfony\Component\Console\Output\ConsoleOutput))
#12 D:\projects\Analytics-App\web-app\backend\vendor\laravel\framework\src\Illuminate\Console\Application.php(102): Symfony\Component\Console\Application->run(Object(Symfony\Component\Console\Input\ArgvInput), Object(Symfony\Component\Console\Output\ConsoleOutput))
#13 D:\projects\Analytics-App\web-app\backend\vendor\laravel\framework\src\Illuminate\Foundation\Console\Kernel.php(151): Illuminate\Console\Application->run(Object(Symfony\Component\Console\Input\ArgvInput), Object(Symfony\Component\Console\Output\ConsoleOutput))
#14 D:\projects\Analytics-App\web-app\backend\artisan(37): Illuminate\Foundation\Console\Kernel->handle(Object(Symfony\Component\Console\Input\ArgvInput), Object(Symfony\Component\Console\Output\ConsoleOutput))
#15 {main}  
[2024-03-30 19:28:03] local.ERROR: Cron: : Exception in sync_tanent_report  : Company Id :1, : Date :2024-03-30, BadMethodCallException: Method App\Http\Controllers\CustomerController::render does not exist. in D:\projects\Analytics-App\web-app\backend\vendor\laravel\framework\src\Illuminate\Routing\Controller.php:68
Stack trace:
#0 D:\projects\Analytics-App\web-app\backend\app\Console\Commands\sync_customer_report.php(37): Illuminate\Routing\Controller->__call('render', Array)
#1 D:\projects\Analytics-App\web-app\backend\vendor\laravel\framework\src\Illuminate\Container\BoundMethod.php(36): App\Console\Commands\sync_customer_report->handle()
#2 D:\projects\Analytics-App\web-app\backend\vendor\laravel\framework\src\Illuminate\Container\Util.php(41): Illuminate\Container\BoundMethod::Illuminate\Container\{closure}()
#3 D:\projects\Analytics-App\web-app\backend\vendor\laravel\framework\src\Illuminate\Container\BoundMethod.php(93): Illuminate\Container\Util::unwrapIfClosure(Object(Closure))
#4 D:\projects\Analytics-App\web-app\backend\vendor\laravel\framework\src\Illuminate\Container\BoundMethod.php(37): Illuminate\Container\BoundMethod::callBoundMethod(Object(Illuminate\Foundation\Application), Array, Object(Closure))
#5 D:\projects\Analytics-App\web-app\backend\vendor\laravel\framework\src\Illuminate\Container\Container.php(651): Illuminate\Container\BoundMethod::call(Object(Illuminate\Foundation\Application), Array, Array, NULL)
#6 D:\projects\Analytics-App\web-app\backend\vendor\laravel\framework\src\Illuminate\Console\Command.php(144): Illuminate\Container\Container->call(Array)
#7 D:\projects\Analytics-App\web-app\backend\vendor\symfony\console\Command\Command.php(308): Illuminate\Console\Command->execute(Object(Symfony\Component\Console\Input\ArgvInput), Object(Illuminate\Console\OutputStyle))
#8 D:\projects\Analytics-App\web-app\backend\vendor\laravel\framework\src\Illuminate\Console\Command.php(126): Symfony\Component\Console\Command\Command->run(Object(Symfony\Component\Console\Input\ArgvInput), Object(Illuminate\Console\OutputStyle))
#9 D:\projects\Analytics-App\web-app\backend\vendor\symfony\console\Application.php(1002): Illuminate\Console\Command->run(Object(Symfony\Component\Console\Input\ArgvInput), Object(Symfony\Component\Console\Output\ConsoleOutput))
#10 D:\projects\Analytics-App\web-app\backend\vendor\symfony\console\Application.php(299): Symfony\Component\Console\Application->doRunCommand(Object(App\Console\Commands\sync_customer_report), Object(Symfony\Component\Console\Input\ArgvInput), Object(Symfony\Component\Console\Output\ConsoleOutput))
#11 D:\projects\Analytics-App\web-app\backend\vendor\symfony\console\Application.php(171): Symfony\Component\Console\Application->doRun(Object(Symfony\Component\Console\Input\ArgvInput), Object(Symfony\Component\Console\Output\ConsoleOutput))
#12 D:\projects\Analytics-App\web-app\backend\vendor\laravel\framework\src\Illuminate\Console\Application.php(102): Symfony\Component\Console\Application->run(Object(Symfony\Component\Console\Input\ArgvInput), Object(Symfony\Component\Console\Output\ConsoleOutput))
#13 D:\projects\Analytics-App\web-app\backend\vendor\laravel\framework\src\Illuminate\Foundation\Console\Kernel.php(151): Illuminate\Console\Application->run(Object(Symfony\Component\Console\Input\ArgvInput), Object(Symfony\Component\Console\Output\ConsoleOutput))
#14 D:\projects\Analytics-App\web-app\backend\artisan(37): Illuminate\Foundation\Console\Kernel->handle(Object(Symfony\Component\Console\Input\ArgvInput), Object(Symfony\Component\Console\Output\ConsoleOutput))
#15 {main}  
[2024-03-30 19:29:13] local.ERROR: Cron: : Exception in sync_tanent_report  : Company Id :1, : Date :2024-03-30, BadMethodCallException: Method App\Http\Controllers\CustomerController::render does not exist. in D:\projects\Analytics-App\web-app\backend\vendor\laravel\framework\src\Illuminate\Routing\Controller.php:68
Stack trace:
#0 D:\projects\Analytics-App\web-app\backend\app\Console\Commands\sync_customer_report.php(37): Illuminate\Routing\Controller->__call('render', Array)
#1 D:\projects\Analytics-App\web-app\backend\vendor\laravel\framework\src\Illuminate\Container\BoundMethod.php(36): App\Console\Commands\sync_customer_report->handle()
#2 D:\projects\Analytics-App\web-app\backend\vendor\laravel\framework\src\Illuminate\Container\Util.php(41): Illuminate\Container\BoundMethod::Illuminate\Container\{closure}()
#3 D:\projects\Analytics-App\web-app\backend\vendor\laravel\framework\src\Illuminate\Container\BoundMethod.php(93): Illuminate\Container\Util::unwrapIfClosure(Object(Closure))
#4 D:\projects\Analytics-App\web-app\backend\vendor\laravel\framework\src\Illuminate\Container\BoundMethod.php(37): Illuminate\Container\BoundMethod::callBoundMethod(Object(Illuminate\Foundation\Application), Array, Object(Closure))
#5 D:\projects\Analytics-App\web-app\backend\vendor\laravel\framework\src\Illuminate\Container\Container.php(651): Illuminate\Container\BoundMethod::call(Object(Illuminate\Foundation\Application), Array, Array, NULL)
#6 D:\projects\Analytics-App\web-app\backend\vendor\laravel\framework\src\Illuminate\Console\Command.php(144): Illuminate\Container\Container->call(Array)
#7 D:\projects\Analytics-App\web-app\backend\vendor\symfony\console\Command\Command.php(308): Illuminate\Console\Command->execute(Object(Symfony\Component\Console\Input\ArgvInput), Object(Illuminate\Console\OutputStyle))
#8 D:\projects\Analytics-App\web-app\backend\vendor\laravel\framework\src\Illuminate\Console\Command.php(126): Symfony\Component\Console\Command\Command->run(Object(Symfony\Component\Console\Input\ArgvInput), Object(Illuminate\Console\OutputStyle))
#9 D:\projects\Analytics-App\web-app\backend\vendor\symfony\console\Application.php(1002): Illuminate\Console\Command->run(Object(Symfony\Component\Console\Input\ArgvInput), Object(Symfony\Component\Console\Output\ConsoleOutput))
#10 D:\projects\Analytics-App\web-app\backend\vendor\symfony\console\Application.php(299): Symfony\Component\Console\Application->doRunCommand(Object(App\Console\Commands\sync_customer_report), Object(Symfony\Component\Console\Input\ArgvInput), Object(Symfony\Component\Console\Output\ConsoleOutput))
#11 D:\projects\Analytics-App\web-app\backend\vendor\symfony\console\Application.php(171): Symfony\Component\Console\Application->doRun(Object(Symfony\Component\Console\Input\ArgvInput), Object(Symfony\Component\Console\Output\ConsoleOutput))
#12 D:\projects\Analytics-App\web-app\backend\vendor\laravel\framework\src\Illuminate\Console\Application.php(102): Symfony\Component\Console\Application->run(Object(Symfony\Component\Console\Input\ArgvInput), Object(Symfony\Component\Console\Output\ConsoleOutput))
#13 D:\projects\Analytics-App\web-app\backend\vendor\laravel\framework\src\Illuminate\Foundation\Console\Kernel.php(151): Illuminate\Console\Application->run(Object(Symfony\Component\Console\Input\ArgvInput), Object(Symfony\Component\Console\Output\ConsoleOutput))
#14 D:\projects\Analytics-App\web-app\backend\artisan(37): Illuminate\Foundation\Console\Kernel->handle(Object(Symfony\Component\Console\Input\ArgvInput), Object(Symfony\Component\Console\Output\ConsoleOutput))
#15 {main}  
[2024-03-30 19:30:03] local.ERROR: Cron: : Exception in sync_tanent_report  : Company Id :1, : Date :2024-03-30, BadMethodCallException: Method App\Http\Controllers\CustomerController::render does not exist. in D:\projects\Analytics-App\web-app\backend\vendor\laravel\framework\src\Illuminate\Routing\Controller.php:68
Stack trace:
#0 D:\projects\Analytics-App\web-app\backend\app\Console\Commands\sync_customer_report.php(37): Illuminate\Routing\Controller->__call('render', Array)
#1 D:\projects\Analytics-App\web-app\backend\vendor\laravel\framework\src\Illuminate\Container\BoundMethod.php(36): App\Console\Commands\sync_customer_report->handle()
#2 D:\projects\Analytics-App\web-app\backend\vendor\laravel\framework\src\Illuminate\Container\Util.php(41): Illuminate\Container\BoundMethod::Illuminate\Container\{closure}()
#3 D:\projects\Analytics-App\web-app\backend\vendor\laravel\framework\src\Illuminate\Container\BoundMethod.php(93): Illuminate\Container\Util::unwrapIfClosure(Object(Closure))
#4 D:\projects\Analytics-App\web-app\backend\vendor\laravel\framework\src\Illuminate\Container\BoundMethod.php(37): Illuminate\Container\BoundMethod::callBoundMethod(Object(Illuminate\Foundation\Application), Array, Object(Closure))
#5 D:\projects\Analytics-App\web-app\backend\vendor\laravel\framework\src\Illuminate\Container\Container.php(651): Illuminate\Container\BoundMethod::call(Object(Illuminate\Foundation\Application), Array, Array, NULL)
#6 D:\projects\Analytics-App\web-app\backend\vendor\laravel\framework\src\Illuminate\Console\Command.php(144): Illuminate\Container\Container->call(Array)
#7 D:\projects\Analytics-App\web-app\backend\vendor\symfony\console\Command\Command.php(308): Illuminate\Console\Command->execute(Object(Symfony\Component\Console\Input\ArgvInput), Object(Illuminate\Console\OutputStyle))
#8 D:\projects\Analytics-App\web-app\backend\vendor\laravel\framework\src\Illuminate\Console\Command.php(126): Symfony\Component\Console\Command\Command->run(Object(Symfony\Component\Console\Input\ArgvInput), Object(Illuminate\Console\OutputStyle))
#9 D:\projects\Analytics-App\web-app\backend\vendor\symfony\console\Application.php(1002): Illuminate\Console\Command->run(Object(Symfony\Component\Console\Input\ArgvInput), Object(Symfony\Component\Console\Output\ConsoleOutput))
#10 D:\projects\Analytics-App\web-app\backend\vendor\symfony\console\Application.php(299): Symfony\Component\Console\Application->doRunCommand(Object(App\Console\Commands\sync_customer_report), Object(Symfony\Component\Console\Input\ArgvInput), Object(Symfony\Component\Console\Output\ConsoleOutput))
#11 D:\projects\Analytics-App\web-app\backend\vendor\symfony\console\Application.php(171): Symfony\Component\Console\Application->doRun(Object(Symfony\Component\Console\Input\ArgvInput), Object(Symfony\Component\Console\Output\ConsoleOutput))
#12 D:\projects\Analytics-App\web-app\backend\vendor\laravel\framework\src\Illuminate\Console\Application.php(102): Symfony\Component\Console\Application->run(Object(Symfony\Component\Console\Input\ArgvInput), Object(Symfony\Component\Console\Output\ConsoleOutput))
#13 D:\projects\Analytics-App\web-app\backend\vendor\laravel\framework\src\Illuminate\Foundation\Console\Kernel.php(151): Illuminate\Console\Application->run(Object(Symfony\Component\Console\Input\ArgvInput), Object(Symfony\Component\Console\Output\ConsoleOutput))
#14 D:\projects\Analytics-App\web-app\backend\artisan(37): Illuminate\Foundation\Console\Kernel->handle(Object(Symfony\Component\Console\Input\ArgvInput), Object(Symfony\Component\Console\Output\ConsoleOutput))
#15 {main}  
[2024-03-30 19:31:04] local.ERROR: Cron: : Exception in sync_tanent_report  : Company Id :1, : Date :2024-03-30, BadMethodCallException: Method App\Http\Controllers\CustomerController::render does not exist. in D:\projects\Analytics-App\web-app\backend\vendor\laravel\framework\src\Illuminate\Routing\Controller.php:68
Stack trace:
#0 D:\projects\Analytics-App\web-app\backend\app\Console\Commands\sync_customer_report.php(37): Illuminate\Routing\Controller->__call('render', Array)
#1 D:\projects\Analytics-App\web-app\backend\vendor\laravel\framework\src\Illuminate\Container\BoundMethod.php(36): App\Console\Commands\sync_customer_report->handle()
#2 D:\projects\Analytics-App\web-app\backend\vendor\laravel\framework\src\Illuminate\Container\Util.php(41): Illuminate\Container\BoundMethod::Illuminate\Container\{closure}()
#3 D:\projects\Analytics-App\web-app\backend\vendor\laravel\framework\src\Illuminate\Container\BoundMethod.php(93): Illuminate\Container\Util::unwrapIfClosure(Object(Closure))
#4 D:\projects\Analytics-App\web-app\backend\vendor\laravel\framework\src\Illuminate\Container\BoundMethod.php(37): Illuminate\Container\BoundMethod::callBoundMethod(Object(Illuminate\Foundation\Application), Array, Object(Closure))
#5 D:\projects\Analytics-App\web-app\backend\vendor\laravel\framework\src\Illuminate\Container\Container.php(651): Illuminate\Container\BoundMethod::call(Object(Illuminate\Foundation\Application), Array, Array, NULL)
#6 D:\projects\Analytics-App\web-app\backend\vendor\laravel\framework\src\Illuminate\Console\Command.php(144): Illuminate\Container\Container->call(Array)
#7 D:\projects\Analytics-App\web-app\backend\vendor\symfony\console\Command\Command.php(308): Illuminate\Console\Command->execute(Object(Symfony\Component\Console\Input\ArgvInput), Object(Illuminate\Console\OutputStyle))
#8 D:\projects\Analytics-App\web-app\backend\vendor\laravel\framework\src\Illuminate\Console\Command.php(126): Symfony\Component\Console\Command\Command->run(Object(Symfony\Component\Console\Input\ArgvInput), Object(Illuminate\Console\OutputStyle))
#9 D:\projects\Analytics-App\web-app\backend\vendor\symfony\console\Application.php(1002): Illuminate\Console\Command->run(Object(Symfony\Component\Console\Input\ArgvInput), Object(Symfony\Component\Console\Output\ConsoleOutput))
#10 D:\projects\Analytics-App\web-app\backend\vendor\symfony\console\Application.php(299): Symfony\Component\Console\Application->doRunCommand(Object(App\Console\Commands\sync_customer_report), Object(Symfony\Component\Console\Input\ArgvInput), Object(Symfony\Component\Console\Output\ConsoleOutput))
#11 D:\projects\Analytics-App\web-app\backend\vendor\symfony\console\Application.php(171): Symfony\Component\Console\Application->doRun(Object(Symfony\Component\Console\Input\ArgvInput), Object(Symfony\Component\Console\Output\ConsoleOutput))
#12 D:\projects\Analytics-App\web-app\backend\vendor\laravel\framework\src\Illuminate\Console\Application.php(102): Symfony\Component\Console\Application->run(Object(Symfony\Component\Console\Input\ArgvInput), Object(Symfony\Component\Console\Output\ConsoleOutput))
#13 D:\projects\Analytics-App\web-app\backend\vendor\laravel\framework\src\Illuminate\Foundation\Console\Kernel.php(151): Illuminate\Console\Application->run(Object(Symfony\Component\Console\Input\ArgvInput), Object(Symfony\Component\Console\Output\ConsoleOutput))
#14 D:\projects\Analytics-App\web-app\backend\artisan(37): Illuminate\Foundation\Console\Kernel->handle(Object(Symfony\Component\Console\Input\ArgvInput), Object(Symfony\Component\Console\Output\ConsoleOutput))
#15 {main}  
[2024-03-30 19:32:05] local.ERROR: Cron: : Exception in sync_tanent_report  : Company Id :1, : Date :2024-03-30, BadMethodCallException: Method App\Http\Controllers\CustomerController::render does not exist. in D:\projects\Analytics-App\web-app\backend\vendor\laravel\framework\src\Illuminate\Routing\Controller.php:68
Stack trace:
#0 D:\projects\Analytics-App\web-app\backend\app\Console\Commands\sync_customer_report.php(37): Illuminate\Routing\Controller->__call('render', Array)
#1 D:\projects\Analytics-App\web-app\backend\vendor\laravel\framework\src\Illuminate\Container\BoundMethod.php(36): App\Console\Commands\sync_customer_report->handle()
#2 D:\projects\Analytics-App\web-app\backend\vendor\laravel\framework\src\Illuminate\Container\Util.php(41): Illuminate\Container\BoundMethod::Illuminate\Container\{closure}()
#3 D:\projects\Analytics-App\web-app\backend\vendor\laravel\framework\src\Illuminate\Container\BoundMethod.php(93): Illuminate\Container\Util::unwrapIfClosure(Object(Closure))
#4 D:\projects\Analytics-App\web-app\backend\vendor\laravel\framework\src\Illuminate\Container\BoundMethod.php(37): Illuminate\Container\BoundMethod::callBoundMethod(Object(Illuminate\Foundation\Application), Array, Object(Closure))
#5 D:\projects\Analytics-App\web-app\backend\vendor\laravel\framework\src\Illuminate\Container\Container.php(651): Illuminate\Container\BoundMethod::call(Object(Illuminate\Foundation\Application), Array, Array, NULL)
#6 D:\projects\Analytics-App\web-app\backend\vendor\laravel\framework\src\Illuminate\Console\Command.php(144): Illuminate\Container\Container->call(Array)
#7 D:\projects\Analytics-App\web-app\backend\vendor\symfony\console\Command\Command.php(308): Illuminate\Console\Command->execute(Object(Symfony\Component\Console\Input\ArgvInput), Object(Illuminate\Console\OutputStyle))
#8 D:\projects\Analytics-App\web-app\backend\vendor\laravel\framework\src\Illuminate\Console\Command.php(126): Symfony\Component\Console\Command\Command->run(Object(Symfony\Component\Console\Input\ArgvInput), Object(Illuminate\Console\OutputStyle))
#9 D:\projects\Analytics-App\web-app\backend\vendor\symfony\console\Application.php(1002): Illuminate\Console\Command->run(Object(Symfony\Component\Console\Input\ArgvInput), Object(Symfony\Component\Console\Output\ConsoleOutput))
#10 D:\projects\Analytics-App\web-app\backend\vendor\symfony\console\Application.php(299): Symfony\Component\Console\Application->doRunCommand(Object(App\Console\Commands\sync_customer_report), Object(Symfony\Component\Console\Input\ArgvInput), Object(Symfony\Component\Console\Output\ConsoleOutput))
#11 D:\projects\Analytics-App\web-app\backend\vendor\symfony\console\Application.php(171): Symfony\Component\Console\Application->doRun(Object(Symfony\Component\Console\Input\ArgvInput), Object(Symfony\Component\Console\Output\ConsoleOutput))
#12 D:\projects\Analytics-App\web-app\backend\vendor\laravel\framework\src\Illuminate\Console\Application.php(102): Symfony\Component\Console\Application->run(Object(Symfony\Component\Console\Input\ArgvInput), Object(Symfony\Component\Console\Output\ConsoleOutput))
#13 D:\projects\Analytics-App\web-app\backend\vendor\laravel\framework\src\Illuminate\Foundation\Console\Kernel.php(151): Illuminate\Console\Application->run(Object(Symfony\Component\Console\Input\ArgvInput), Object(Symfony\Component\Console\Output\ConsoleOutput))
#14 D:\projects\Analytics-App\web-app\backend\artisan(37): Illuminate\Foundation\Console\Kernel->handle(Object(Symfony\Component\Console\Input\ArgvInput), Object(Symfony\Component\Console\Output\ConsoleOutput))
#15 {main}  
[2024-03-30 19:33:05] local.ERROR: Cron: : Exception in sync_tanent_report  : Company Id :1, : Date :2024-03-30, BadMethodCallException: Method App\Http\Controllers\CustomerController::render does not exist. in D:\projects\Analytics-App\web-app\backend\vendor\laravel\framework\src\Illuminate\Routing\Controller.php:68
Stack trace:
#0 D:\projects\Analytics-App\web-app\backend\app\Console\Commands\sync_customer_report.php(37): Illuminate\Routing\Controller->__call('render', Array)
#1 D:\projects\Analytics-App\web-app\backend\vendor\laravel\framework\src\Illuminate\Container\BoundMethod.php(36): App\Console\Commands\sync_customer_report->handle()
#2 D:\projects\Analytics-App\web-app\backend\vendor\laravel\framework\src\Illuminate\Container\Util.php(41): Illuminate\Container\BoundMethod::Illuminate\Container\{closure}()
#3 D:\projects\Analytics-App\web-app\backend\vendor\laravel\framework\src\Illuminate\Container\BoundMethod.php(93): Illuminate\Container\Util::unwrapIfClosure(Object(Closure))
#4 D:\projects\Analytics-App\web-app\backend\vendor\laravel\framework\src\Illuminate\Container\BoundMethod.php(37): Illuminate\Container\BoundMethod::callBoundMethod(Object(Illuminate\Foundation\Application), Array, Object(Closure))
#5 D:\projects\Analytics-App\web-app\backend\vendor\laravel\framework\src\Illuminate\Container\Container.php(651): Illuminate\Container\BoundMethod::call(Object(Illuminate\Foundation\Application), Array, Array, NULL)
#6 D:\projects\Analytics-App\web-app\backend\vendor\laravel\framework\src\Illuminate\Console\Command.php(144): Illuminate\Container\Container->call(Array)
#7 D:\projects\Analytics-App\web-app\backend\vendor\symfony\console\Command\Command.php(308): Illuminate\Console\Command->execute(Object(Symfony\Component\Console\Input\ArgvInput), Object(Illuminate\Console\OutputStyle))
#8 D:\projects\Analytics-App\web-app\backend\vendor\laravel\framework\src\Illuminate\Console\Command.php(126): Symfony\Component\Console\Command\Command->run(Object(Symfony\Component\Console\Input\ArgvInput), Object(Illuminate\Console\OutputStyle))
#9 D:\projects\Analytics-App\web-app\backend\vendor\symfony\console\Application.php(1002): Illuminate\Console\Command->run(Object(Symfony\Component\Console\Input\ArgvInput), Object(Symfony\Component\Console\Output\ConsoleOutput))
#10 D:\projects\Analytics-App\web-app\backend\vendor\symfony\console\Application.php(299): Symfony\Component\Console\Application->doRunCommand(Object(App\Console\Commands\sync_customer_report), Object(Symfony\Component\Console\Input\ArgvInput), Object(Symfony\Component\Console\Output\ConsoleOutput))
#11 D:\projects\Analytics-App\web-app\backend\vendor\symfony\console\Application.php(171): Symfony\Component\Console\Application->doRun(Object(Symfony\Component\Console\Input\ArgvInput), Object(Symfony\Component\Console\Output\ConsoleOutput))
#12 D:\projects\Analytics-App\web-app\backend\vendor\laravel\framework\src\Illuminate\Console\Application.php(102): Symfony\Component\Console\Application->run(Object(Symfony\Component\Console\Input\ArgvInput), Object(Symfony\Component\Console\Output\ConsoleOutput))
#13 D:\projects\Analytics-App\web-app\backend\vendor\laravel\framework\src\Illuminate\Foundation\Console\Kernel.php(151): Illuminate\Console\Application->run(Object(Symfony\Component\Console\Input\ArgvInput), Object(Symfony\Component\Console\Output\ConsoleOutput))
#14 D:\projects\Analytics-App\web-app\backend\artisan(37): Illuminate\Foundation\Console\Kernel->handle(Object(Symfony\Component\Console\Input\ArgvInput), Object(Symfony\Component\Console\Output\ConsoleOutput))
#15 {main}  
[2024-03-30 19:34:05] local.ERROR: Cron: : Exception in sync_tanent_report  : Company Id :1, : Date :2024-03-30, BadMethodCallException: Method App\Http\Controllers\CustomerController::render does not exist. in D:\projects\Analytics-App\web-app\backend\vendor\laravel\framework\src\Illuminate\Routing\Controller.php:68
Stack trace:
#0 D:\projects\Analytics-App\web-app\backend\app\Console\Commands\sync_customer_report.php(37): Illuminate\Routing\Controller->__call('render', Array)
#1 D:\projects\Analytics-App\web-app\backend\vendor\laravel\framework\src\Illuminate\Container\BoundMethod.php(36): App\Console\Commands\sync_customer_report->handle()
#2 D:\projects\Analytics-App\web-app\backend\vendor\laravel\framework\src\Illuminate\Container\Util.php(41): Illuminate\Container\BoundMethod::Illuminate\Container\{closure}()
#3 D:\projects\Analytics-App\web-app\backend\vendor\laravel\framework\src\Illuminate\Container\BoundMethod.php(93): Illuminate\Container\Util::unwrapIfClosure(Object(Closure))
#4 D:\projects\Analytics-App\web-app\backend\vendor\laravel\framework\src\Illuminate\Container\BoundMethod.php(37): Illuminate\Container\BoundMethod::callBoundMethod(Object(Illuminate\Foundation\Application), Array, Object(Closure))
#5 D:\projects\Analytics-App\web-app\backend\vendor\laravel\framework\src\Illuminate\Container\Container.php(651): Illuminate\Container\BoundMethod::call(Object(Illuminate\Foundation\Application), Array, Array, NULL)
#6 D:\projects\Analytics-App\web-app\backend\vendor\laravel\framework\src\Illuminate\Console\Command.php(144): Illuminate\Container\Container->call(Array)
#7 D:\projects\Analytics-App\web-app\backend\vendor\symfony\console\Command\Command.php(308): Illuminate\Console\Command->execute(Object(Symfony\Component\Console\Input\ArgvInput), Object(Illuminate\Console\OutputStyle))
#8 D:\projects\Analytics-App\web-app\backend\vendor\laravel\framework\src\Illuminate\Console\Command.php(126): Symfony\Component\Console\Command\Command->run(Object(Symfony\Component\Console\Input\ArgvInput), Object(Illuminate\Console\OutputStyle))
#9 D:\projects\Analytics-App\web-app\backend\vendor\symfony\console\Application.php(1002): Illuminate\Console\Command->run(Object(Symfony\Component\Console\Input\ArgvInput), Object(Symfony\Component\Console\Output\ConsoleOutput))
#10 D:\projects\Analytics-App\web-app\backend\vendor\symfony\console\Application.php(299): Symfony\Component\Console\Application->doRunCommand(Object(App\Console\Commands\sync_customer_report), Object(Symfony\Component\Console\Input\ArgvInput), Object(Symfony\Component\Console\Output\ConsoleOutput))
#11 D:\projects\Analytics-App\web-app\backend\vendor\symfony\console\Application.php(171): Symfony\Component\Console\Application->doRun(Object(Symfony\Component\Console\Input\ArgvInput), Object(Symfony\Component\Console\Output\ConsoleOutput))
#12 D:\projects\Analytics-App\web-app\backend\vendor\laravel\framework\src\Illuminate\Console\Application.php(102): Symfony\Component\Console\Application->run(Object(Symfony\Component\Console\Input\ArgvInput), Object(Symfony\Component\Console\Output\ConsoleOutput))
#13 D:\projects\Analytics-App\web-app\backend\vendor\laravel\framework\src\Illuminate\Foundation\Console\Kernel.php(151): Illuminate\Console\Application->run(Object(Symfony\Component\Console\Input\ArgvInput), Object(Symfony\Component\Console\Output\ConsoleOutput))
#14 D:\projects\Analytics-App\web-app\backend\artisan(37): Illuminate\Foundation\Console\Kernel->handle(Object(Symfony\Component\Console\Input\ArgvInput), Object(Symfony\Component\Console\Output\ConsoleOutput))
#15 {main}  
[2024-03-30 19:35:05] local.ERROR: Cron: : Exception in sync_tanent_report  : Company Id :1, : Date :2024-03-30, BadMethodCallException: Method App\Http\Controllers\CustomerController::render does not exist. in D:\projects\Analytics-App\web-app\backend\vendor\laravel\framework\src\Illuminate\Routing\Controller.php:68
Stack trace:
#0 D:\projects\Analytics-App\web-app\backend\app\Console\Commands\sync_customer_report.php(37): Illuminate\Routing\Controller->__call('render', Array)
#1 D:\projects\Analytics-App\web-app\backend\vendor\laravel\framework\src\Illuminate\Container\BoundMethod.php(36): App\Console\Commands\sync_customer_report->handle()
#2 D:\projects\Analytics-App\web-app\backend\vendor\laravel\framework\src\Illuminate\Container\Util.php(41): Illuminate\Container\BoundMethod::Illuminate\Container\{closure}()
#3 D:\projects\Analytics-App\web-app\backend\vendor\laravel\framework\src\Illuminate\Container\BoundMethod.php(93): Illuminate\Container\Util::unwrapIfClosure(Object(Closure))
#4 D:\projects\Analytics-App\web-app\backend\vendor\laravel\framework\src\Illuminate\Container\BoundMethod.php(37): Illuminate\Container\BoundMethod::callBoundMethod(Object(Illuminate\Foundation\Application), Array, Object(Closure))
#5 D:\projects\Analytics-App\web-app\backend\vendor\laravel\framework\src\Illuminate\Container\Container.php(651): Illuminate\Container\BoundMethod::call(Object(Illuminate\Foundation\Application), Array, Array, NULL)
#6 D:\projects\Analytics-App\web-app\backend\vendor\laravel\framework\src\Illuminate\Console\Command.php(144): Illuminate\Container\Container->call(Array)
#7 D:\projects\Analytics-App\web-app\backend\vendor\symfony\console\Command\Command.php(308): Illuminate\Console\Command->execute(Object(Symfony\Component\Console\Input\ArgvInput), Object(Illuminate\Console\OutputStyle))
#8 D:\projects\Analytics-App\web-app\backend\vendor\laravel\framework\src\Illuminate\Console\Command.php(126): Symfony\Component\Console\Command\Command->run(Object(Symfony\Component\Console\Input\ArgvInput), Object(Illuminate\Console\OutputStyle))
#9 D:\projects\Analytics-App\web-app\backend\vendor\symfony\console\Application.php(1002): Illuminate\Console\Command->run(Object(Symfony\Component\Console\Input\ArgvInput), Object(Symfony\Component\Console\Output\ConsoleOutput))
#10 D:\projects\Analytics-App\web-app\backend\vendor\symfony\console\Application.php(299): Symfony\Component\Console\Application->doRunCommand(Object(App\Console\Commands\sync_customer_report), Object(Symfony\Component\Console\Input\ArgvInput), Object(Symfony\Component\Console\Output\ConsoleOutput))
#11 D:\projects\Analytics-App\web-app\backend\vendor\symfony\console\Application.php(171): Symfony\Component\Console\Application->doRun(Object(Symfony\Component\Console\Input\ArgvInput), Object(Symfony\Component\Console\Output\ConsoleOutput))
#12 D:\projects\Analytics-App\web-app\backend\vendor\laravel\framework\src\Illuminate\Console\Application.php(102): Symfony\Component\Console\Application->run(Object(Symfony\Component\Console\Input\ArgvInput), Object(Symfony\Component\Console\Output\ConsoleOutput))
#13 D:\projects\Analytics-App\web-app\backend\vendor\laravel\framework\src\Illuminate\Foundation\Console\Kernel.php(151): Illuminate\Console\Application->run(Object(Symfony\Component\Console\Input\ArgvInput), Object(Symfony\Component\Console\Output\ConsoleOutput))
#14 D:\projects\Analytics-App\web-app\backend\artisan(37): Illuminate\Foundation\Console\Kernel->handle(Object(Symfony\Component\Console\Input\ArgvInput), Object(Symfony\Component\Console\Output\ConsoleOutput))
#15 {main}  
[2024-03-30 19:36:03] local.ERROR: Cron: : Exception in sync_tanent_report  : Company Id :1, : Date :2024-03-30, BadMethodCallException: Method App\Http\Controllers\CustomerController::render does not exist. in D:\projects\Analytics-App\web-app\backend\vendor\laravel\framework\src\Illuminate\Routing\Controller.php:68
Stack trace:
#0 D:\projects\Analytics-App\web-app\backend\app\Console\Commands\sync_customer_report.php(37): Illuminate\Routing\Controller->__call('render', Array)
#1 D:\projects\Analytics-App\web-app\backend\vendor\laravel\framework\src\Illuminate\Container\BoundMethod.php(36): App\Console\Commands\sync_customer_report->handle()
#2 D:\projects\Analytics-App\web-app\backend\vendor\laravel\framework\src\Illuminate\Container\Util.php(41): Illuminate\Container\BoundMethod::Illuminate\Container\{closure}()
#3 D:\projects\Analytics-App\web-app\backend\vendor\laravel\framework\src\Illuminate\Container\BoundMethod.php(93): Illuminate\Container\Util::unwrapIfClosure(Object(Closure))
#4 D:\projects\Analytics-App\web-app\backend\vendor\laravel\framework\src\Illuminate\Container\BoundMethod.php(37): Illuminate\Container\BoundMethod::callBoundMethod(Object(Illuminate\Foundation\Application), Array, Object(Closure))
#5 D:\projects\Analytics-App\web-app\backend\vendor\laravel\framework\src\Illuminate\Container\Container.php(651): Illuminate\Container\BoundMethod::call(Object(Illuminate\Foundation\Application), Array, Array, NULL)
#6 D:\projects\Analytics-App\web-app\backend\vendor\laravel\framework\src\Illuminate\Console\Command.php(144): Illuminate\Container\Container->call(Array)
#7 D:\projects\Analytics-App\web-app\backend\vendor\symfony\console\Command\Command.php(308): Illuminate\Console\Command->execute(Object(Symfony\Component\Console\Input\ArgvInput), Object(Illuminate\Console\OutputStyle))
#8 D:\projects\Analytics-App\web-app\backend\vendor\laravel\framework\src\Illuminate\Console\Command.php(126): Symfony\Component\Console\Command\Command->run(Object(Symfony\Component\Console\Input\ArgvInput), Object(Illuminate\Console\OutputStyle))
#9 D:\projects\Analytics-App\web-app\backend\vendor\symfony\console\Application.php(1002): Illuminate\Console\Command->run(Object(Symfony\Component\Console\Input\ArgvInput), Object(Symfony\Component\Console\Output\ConsoleOutput))
#10 D:\projects\Analytics-App\web-app\backend\vendor\symfony\console\Application.php(299): Symfony\Component\Console\Application->doRunCommand(Object(App\Console\Commands\sync_customer_report), Object(Symfony\Component\Console\Input\ArgvInput), Object(Symfony\Component\Console\Output\ConsoleOutput))
#11 D:\projects\Analytics-App\web-app\backend\vendor\symfony\console\Application.php(171): Symfony\Component\Console\Application->doRun(Object(Symfony\Component\Console\Input\ArgvInput), Object(Symfony\Component\Console\Output\ConsoleOutput))
#12 D:\projects\Analytics-App\web-app\backend\vendor\laravel\framework\src\Illuminate\Console\Application.php(102): Symfony\Component\Console\Application->run(Object(Symfony\Component\Console\Input\ArgvInput), Object(Symfony\Component\Console\Output\ConsoleOutput))
#13 D:\projects\Analytics-App\web-app\backend\vendor\laravel\framework\src\Illuminate\Foundation\Console\Kernel.php(151): Illuminate\Console\Application->run(Object(Symfony\Component\Console\Input\ArgvInput), Object(Symfony\Component\Console\Output\ConsoleOutput))
#14 D:\projects\Analytics-App\web-app\backend\artisan(37): Illuminate\Foundation\Console\Kernel->handle(Object(Symfony\Component\Console\Input\ArgvInput), Object(Symfony\Component\Console\Output\ConsoleOutput))
#15 {main}  
[2024-03-30 19:37:03] local.ERROR: Cron: : Exception in sync_tanent_report  : Company Id :1, : Date :2024-03-30, BadMethodCallException: Method App\Http\Controllers\CustomerController::render does not exist. in D:\projects\Analytics-App\web-app\backend\vendor\laravel\framework\src\Illuminate\Routing\Controller.php:68
Stack trace:
#0 D:\projects\Analytics-App\web-app\backend\app\Console\Commands\sync_customer_report.php(37): Illuminate\Routing\Controller->__call('render', Array)
#1 D:\projects\Analytics-App\web-app\backend\vendor\laravel\framework\src\Illuminate\Container\BoundMethod.php(36): App\Console\Commands\sync_customer_report->handle()
#2 D:\projects\Analytics-App\web-app\backend\vendor\laravel\framework\src\Illuminate\Container\Util.php(41): Illuminate\Container\BoundMethod::Illuminate\Container\{closure}()
#3 D:\projects\Analytics-App\web-app\backend\vendor\laravel\framework\src\Illuminate\Container\BoundMethod.php(93): Illuminate\Container\Util::unwrapIfClosure(Object(Closure))
#4 D:\projects\Analytics-App\web-app\backend\vendor\laravel\framework\src\Illuminate\Container\BoundMethod.php(37): Illuminate\Container\BoundMethod::callBoundMethod(Object(Illuminate\Foundation\Application), Array, Object(Closure))
#5 D:\projects\Analytics-App\web-app\backend\vendor\laravel\framework\src\Illuminate\Container\Container.php(651): Illuminate\Container\BoundMethod::call(Object(Illuminate\Foundation\Application), Array, Array, NULL)
#6 D:\projects\Analytics-App\web-app\backend\vendor\laravel\framework\src\Illuminate\Console\Command.php(144): Illuminate\Container\Container->call(Array)
#7 D:\projects\Analytics-App\web-app\backend\vendor\symfony\console\Command\Command.php(308): Illuminate\Console\Command->execute(Object(Symfony\Component\Console\Input\ArgvInput), Object(Illuminate\Console\OutputStyle))
#8 D:\projects\Analytics-App\web-app\backend\vendor\laravel\framework\src\Illuminate\Console\Command.php(126): Symfony\Component\Console\Command\Command->run(Object(Symfony\Component\Console\Input\ArgvInput), Object(Illuminate\Console\OutputStyle))
#9 D:\projects\Analytics-App\web-app\backend\vendor\symfony\console\Application.php(1002): Illuminate\Console\Command->run(Object(Symfony\Component\Console\Input\ArgvInput), Object(Symfony\Component\Console\Output\ConsoleOutput))
#10 D:\projects\Analytics-App\web-app\backend\vendor\symfony\console\Application.php(299): Symfony\Component\Console\Application->doRunCommand(Object(App\Console\Commands\sync_customer_report), Object(Symfony\Component\Console\Input\ArgvInput), Object(Symfony\Component\Console\Output\ConsoleOutput))
#11 D:\projects\Analytics-App\web-app\backend\vendor\symfony\console\Application.php(171): Symfony\Component\Console\Application->doRun(Object(Symfony\Component\Console\Input\ArgvInput), Object(Symfony\Component\Console\Output\ConsoleOutput))
#12 D:\projects\Analytics-App\web-app\backend\vendor\laravel\framework\src\Illuminate\Console\Application.php(102): Symfony\Component\Console\Application->run(Object(Symfony\Component\Console\Input\ArgvInput), Object(Symfony\Component\Console\Output\ConsoleOutput))
#13 D:\projects\Analytics-App\web-app\backend\vendor\laravel\framework\src\Illuminate\Foundation\Console\Kernel.php(151): Illuminate\Console\Application->run(Object(Symfony\Component\Console\Input\ArgvInput), Object(Symfony\Component\Console\Output\ConsoleOutput))
#14 D:\projects\Analytics-App\web-app\backend\artisan(37): Illuminate\Foundation\Console\Kernel->handle(Object(Symfony\Component\Console\Input\ArgvInput), Object(Symfony\Component\Console\Output\ConsoleOutput))
#15 {main}  
[2024-03-30 19:38:04] local.ERROR: Cron: : Exception in sync_tanent_report  : Company Id :1, : Date :2024-03-30, BadMethodCallException: Method App\Http\Controllers\CustomerController::render does not exist. in D:\projects\Analytics-App\web-app\backend\vendor\laravel\framework\src\Illuminate\Routing\Controller.php:68
Stack trace:
#0 D:\projects\Analytics-App\web-app\backend\app\Console\Commands\sync_customer_report.php(37): Illuminate\Routing\Controller->__call('render', Array)
#1 D:\projects\Analytics-App\web-app\backend\vendor\laravel\framework\src\Illuminate\Container\BoundMethod.php(36): App\Console\Commands\sync_customer_report->handle()
#2 D:\projects\Analytics-App\web-app\backend\vendor\laravel\framework\src\Illuminate\Container\Util.php(41): Illuminate\Container\BoundMethod::Illuminate\Container\{closure}()
#3 D:\projects\Analytics-App\web-app\backend\vendor\laravel\framework\src\Illuminate\Container\BoundMethod.php(93): Illuminate\Container\Util::unwrapIfClosure(Object(Closure))
#4 D:\projects\Analytics-App\web-app\backend\vendor\laravel\framework\src\Illuminate\Container\BoundMethod.php(37): Illuminate\Container\BoundMethod::callBoundMethod(Object(Illuminate\Foundation\Application), Array, Object(Closure))
#5 D:\projects\Analytics-App\web-app\backend\vendor\laravel\framework\src\Illuminate\Container\Container.php(651): Illuminate\Container\BoundMethod::call(Object(Illuminate\Foundation\Application), Array, Array, NULL)
#6 D:\projects\Analytics-App\web-app\backend\vendor\laravel\framework\src\Illuminate\Console\Command.php(144): Illuminate\Container\Container->call(Array)
#7 D:\projects\Analytics-App\web-app\backend\vendor\symfony\console\Command\Command.php(308): Illuminate\Console\Command->execute(Object(Symfony\Component\Console\Input\ArgvInput), Object(Illuminate\Console\OutputStyle))
#8 D:\projects\Analytics-App\web-app\backend\vendor\laravel\framework\src\Illuminate\Console\Command.php(126): Symfony\Component\Console\Command\Command->run(Object(Symfony\Component\Console\Input\ArgvInput), Object(Illuminate\Console\OutputStyle))
#9 D:\projects\Analytics-App\web-app\backend\vendor\symfony\console\Application.php(1002): Illuminate\Console\Command->run(Object(Symfony\Component\Console\Input\ArgvInput), Object(Symfony\Component\Console\Output\ConsoleOutput))
#10 D:\projects\Analytics-App\web-app\backend\vendor\symfony\console\Application.php(299): Symfony\Component\Console\Application->doRunCommand(Object(App\Console\Commands\sync_customer_report), Object(Symfony\Component\Console\Input\ArgvInput), Object(Symfony\Component\Console\Output\ConsoleOutput))
#11 D:\projects\Analytics-App\web-app\backend\vendor\symfony\console\Application.php(171): Symfony\Component\Console\Application->doRun(Object(Symfony\Component\Console\Input\ArgvInput), Object(Symfony\Component\Console\Output\ConsoleOutput))
#12 D:\projects\Analytics-App\web-app\backend\vendor\laravel\framework\src\Illuminate\Console\Application.php(102): Symfony\Component\Console\Application->run(Object(Symfony\Component\Console\Input\ArgvInput), Object(Symfony\Component\Console\Output\ConsoleOutput))
#13 D:\projects\Analytics-App\web-app\backend\vendor\laravel\framework\src\Illuminate\Foundation\Console\Kernel.php(151): Illuminate\Console\Application->run(Object(Symfony\Component\Console\Input\ArgvInput), Object(Symfony\Component\Console\Output\ConsoleOutput))
#14 D:\projects\Analytics-App\web-app\backend\artisan(37): Illuminate\Foundation\Console\Kernel->handle(Object(Symfony\Component\Console\Input\ArgvInput), Object(Symfony\Component\Console\Output\ConsoleOutput))
#15 {main}  
[2024-03-30 19:39:03] local.ERROR: Cron: : Exception in sync_tanent_report  : Company Id :1, : Date :2024-03-30, BadMethodCallException: Method App\Http\Controllers\CustomerController::render does not exist. in D:\projects\Analytics-App\web-app\backend\vendor\laravel\framework\src\Illuminate\Routing\Controller.php:68
Stack trace:
#0 D:\projects\Analytics-App\web-app\backend\app\Console\Commands\sync_customer_report.php(37): Illuminate\Routing\Controller->__call('render', Array)
#1 D:\projects\Analytics-App\web-app\backend\vendor\laravel\framework\src\Illuminate\Container\BoundMethod.php(36): App\Console\Commands\sync_customer_report->handle()
#2 D:\projects\Analytics-App\web-app\backend\vendor\laravel\framework\src\Illuminate\Container\Util.php(41): Illuminate\Container\BoundMethod::Illuminate\Container\{closure}()
#3 D:\projects\Analytics-App\web-app\backend\vendor\laravel\framework\src\Illuminate\Container\BoundMethod.php(93): Illuminate\Container\Util::unwrapIfClosure(Object(Closure))
#4 D:\projects\Analytics-App\web-app\backend\vendor\laravel\framework\src\Illuminate\Container\BoundMethod.php(37): Illuminate\Container\BoundMethod::callBoundMethod(Object(Illuminate\Foundation\Application), Array, Object(Closure))
#5 D:\projects\Analytics-App\web-app\backend\vendor\laravel\framework\src\Illuminate\Container\Container.php(651): Illuminate\Container\BoundMethod::call(Object(Illuminate\Foundation\Application), Array, Array, NULL)
#6 D:\projects\Analytics-App\web-app\backend\vendor\laravel\framework\src\Illuminate\Console\Command.php(144): Illuminate\Container\Container->call(Array)
#7 D:\projects\Analytics-App\web-app\backend\vendor\symfony\console\Command\Command.php(308): Illuminate\Console\Command->execute(Object(Symfony\Component\Console\Input\ArgvInput), Object(Illuminate\Console\OutputStyle))
#8 D:\projects\Analytics-App\web-app\backend\vendor\laravel\framework\src\Illuminate\Console\Command.php(126): Symfony\Component\Console\Command\Command->run(Object(Symfony\Component\Console\Input\ArgvInput), Object(Illuminate\Console\OutputStyle))
#9 D:\projects\Analytics-App\web-app\backend\vendor\symfony\console\Application.php(1002): Illuminate\Console\Command->run(Object(Symfony\Component\Console\Input\ArgvInput), Object(Symfony\Component\Console\Output\ConsoleOutput))
#10 D:\projects\Analytics-App\web-app\backend\vendor\symfony\console\Application.php(299): Symfony\Component\Console\Application->doRunCommand(Object(App\Console\Commands\sync_customer_report), Object(Symfony\Component\Console\Input\ArgvInput), Object(Symfony\Component\Console\Output\ConsoleOutput))
#11 D:\projects\Analytics-App\web-app\backend\vendor\symfony\console\Application.php(171): Symfony\Component\Console\Application->doRun(Object(Symfony\Component\Console\Input\ArgvInput), Object(Symfony\Component\Console\Output\ConsoleOutput))
#12 D:\projects\Analytics-App\web-app\backend\vendor\laravel\framework\src\Illuminate\Console\Application.php(102): Symfony\Component\Console\Application->run(Object(Symfony\Component\Console\Input\ArgvInput), Object(Symfony\Component\Console\Output\ConsoleOutput))
#13 D:\projects\Analytics-App\web-app\backend\vendor\laravel\framework\src\Illuminate\Foundation\Console\Kernel.php(151): Illuminate\Console\Application->run(Object(Symfony\Component\Console\Input\ArgvInput), Object(Symfony\Component\Console\Output\ConsoleOutput))
#14 D:\projects\Analytics-App\web-app\backend\artisan(37): Illuminate\Foundation\Console\Kernel->handle(Object(Symfony\Component\Console\Input\ArgvInput), Object(Symfony\Component\Console\Output\ConsoleOutput))
#15 {main}  
[2024-03-30 19:40:03] local.ERROR: Cron: : Exception in sync_tanent_report  : Company Id :1, : Date :2024-03-30, BadMethodCallException: Method App\Http\Controllers\CustomerController::render does not exist. in D:\projects\Analytics-App\web-app\backend\vendor\laravel\framework\src\Illuminate\Routing\Controller.php:68
Stack trace:
#0 D:\projects\Analytics-App\web-app\backend\app\Console\Commands\sync_customer_report.php(37): Illuminate\Routing\Controller->__call('render', Array)
#1 D:\projects\Analytics-App\web-app\backend\vendor\laravel\framework\src\Illuminate\Container\BoundMethod.php(36): App\Console\Commands\sync_customer_report->handle()
#2 D:\projects\Analytics-App\web-app\backend\vendor\laravel\framework\src\Illuminate\Container\Util.php(41): Illuminate\Container\BoundMethod::Illuminate\Container\{closure}()
#3 D:\projects\Analytics-App\web-app\backend\vendor\laravel\framework\src\Illuminate\Container\BoundMethod.php(93): Illuminate\Container\Util::unwrapIfClosure(Object(Closure))
#4 D:\projects\Analytics-App\web-app\backend\vendor\laravel\framework\src\Illuminate\Container\BoundMethod.php(37): Illuminate\Container\BoundMethod::callBoundMethod(Object(Illuminate\Foundation\Application), Array, Object(Closure))
#5 D:\projects\Analytics-App\web-app\backend\vendor\laravel\framework\src\Illuminate\Container\Container.php(651): Illuminate\Container\BoundMethod::call(Object(Illuminate\Foundation\Application), Array, Array, NULL)
#6 D:\projects\Analytics-App\web-app\backend\vendor\laravel\framework\src\Illuminate\Console\Command.php(144): Illuminate\Container\Container->call(Array)
#7 D:\projects\Analytics-App\web-app\backend\vendor\symfony\console\Command\Command.php(308): Illuminate\Console\Command->execute(Object(Symfony\Component\Console\Input\ArgvInput), Object(Illuminate\Console\OutputStyle))
#8 D:\projects\Analytics-App\web-app\backend\vendor\laravel\framework\src\Illuminate\Console\Command.php(126): Symfony\Component\Console\Command\Command->run(Object(Symfony\Component\Console\Input\ArgvInput), Object(Illuminate\Console\OutputStyle))
#9 D:\projects\Analytics-App\web-app\backend\vendor\symfony\console\Application.php(1002): Illuminate\Console\Command->run(Object(Symfony\Component\Console\Input\ArgvInput), Object(Symfony\Component\Console\Output\ConsoleOutput))
#10 D:\projects\Analytics-App\web-app\backend\vendor\symfony\console\Application.php(299): Symfony\Component\Console\Application->doRunCommand(Object(App\Console\Commands\sync_customer_report), Object(Symfony\Component\Console\Input\ArgvInput), Object(Symfony\Component\Console\Output\ConsoleOutput))
#11 D:\projects\Analytics-App\web-app\backend\vendor\symfony\console\Application.php(171): Symfony\Component\Console\Application->doRun(Object(Symfony\Component\Console\Input\ArgvInput), Object(Symfony\Component\Console\Output\ConsoleOutput))
#12 D:\projects\Analytics-App\web-app\backend\vendor\laravel\framework\src\Illuminate\Console\Application.php(102): Symfony\Component\Console\Application->run(Object(Symfony\Component\Console\Input\ArgvInput), Object(Symfony\Component\Console\Output\ConsoleOutput))
#13 D:\projects\Analytics-App\web-app\backend\vendor\laravel\framework\src\Illuminate\Foundation\Console\Kernel.php(151): Illuminate\Console\Application->run(Object(Symfony\Component\Console\Input\ArgvInput), Object(Symfony\Component\Console\Output\ConsoleOutput))
#14 D:\projects\Analytics-App\web-app\backend\artisan(37): Illuminate\Foundation\Console\Kernel->handle(Object(Symfony\Component\Console\Input\ArgvInput), Object(Symfony\Component\Console\Output\ConsoleOutput))
#15 {main}  
[2024-03-30 19:41:04] local.ERROR: Cron: : Exception in sync_tanent_report  : Company Id :1, : Date :2024-03-30, BadMethodCallException: Method App\Http\Controllers\CustomerController::render does not exist. in D:\projects\Analytics-App\web-app\backend\vendor\laravel\framework\src\Illuminate\Routing\Controller.php:68
Stack trace:
#0 D:\projects\Analytics-App\web-app\backend\app\Console\Commands\sync_customer_report.php(37): Illuminate\Routing\Controller->__call('render', Array)
#1 D:\projects\Analytics-App\web-app\backend\vendor\laravel\framework\src\Illuminate\Container\BoundMethod.php(36): App\Console\Commands\sync_customer_report->handle()
#2 D:\projects\Analytics-App\web-app\backend\vendor\laravel\framework\src\Illuminate\Container\Util.php(41): Illuminate\Container\BoundMethod::Illuminate\Container\{closure}()
#3 D:\projects\Analytics-App\web-app\backend\vendor\laravel\framework\src\Illuminate\Container\BoundMethod.php(93): Illuminate\Container\Util::unwrapIfClosure(Object(Closure))
#4 D:\projects\Analytics-App\web-app\backend\vendor\laravel\framework\src\Illuminate\Container\BoundMethod.php(37): Illuminate\Container\BoundMethod::callBoundMethod(Object(Illuminate\Foundation\Application), Array, Object(Closure))
#5 D:\projects\Analytics-App\web-app\backend\vendor\laravel\framework\src\Illuminate\Container\Container.php(651): Illuminate\Container\BoundMethod::call(Object(Illuminate\Foundation\Application), Array, Array, NULL)
#6 D:\projects\Analytics-App\web-app\backend\vendor\laravel\framework\src\Illuminate\Console\Command.php(144): Illuminate\Container\Container->call(Array)
#7 D:\projects\Analytics-App\web-app\backend\vendor\symfony\console\Command\Command.php(308): Illuminate\Console\Command->execute(Object(Symfony\Component\Console\Input\ArgvInput), Object(Illuminate\Console\OutputStyle))
#8 D:\projects\Analytics-App\web-app\backend\vendor\laravel\framework\src\Illuminate\Console\Command.php(126): Symfony\Component\Console\Command\Command->run(Object(Symfony\Component\Console\Input\ArgvInput), Object(Illuminate\Console\OutputStyle))
#9 D:\projects\Analytics-App\web-app\backend\vendor\symfony\console\Application.php(1002): Illuminate\Console\Command->run(Object(Symfony\Component\Console\Input\ArgvInput), Object(Symfony\Component\Console\Output\ConsoleOutput))
#10 D:\projects\Analytics-App\web-app\backend\vendor\symfony\console\Application.php(299): Symfony\Component\Console\Application->doRunCommand(Object(App\Console\Commands\sync_customer_report), Object(Symfony\Component\Console\Input\ArgvInput), Object(Symfony\Component\Console\Output\ConsoleOutput))
#11 D:\projects\Analytics-App\web-app\backend\vendor\symfony\console\Application.php(171): Symfony\Component\Console\Application->doRun(Object(Symfony\Component\Console\Input\ArgvInput), Object(Symfony\Component\Console\Output\ConsoleOutput))
#12 D:\projects\Analytics-App\web-app\backend\vendor\laravel\framework\src\Illuminate\Console\Application.php(102): Symfony\Component\Console\Application->run(Object(Symfony\Component\Console\Input\ArgvInput), Object(Symfony\Component\Console\Output\ConsoleOutput))
#13 D:\projects\Analytics-App\web-app\backend\vendor\laravel\framework\src\Illuminate\Foundation\Console\Kernel.php(151): Illuminate\Console\Application->run(Object(Symfony\Component\Console\Input\ArgvInput), Object(Symfony\Component\Console\Output\ConsoleOutput))
#14 D:\projects\Analytics-App\web-app\backend\artisan(37): Illuminate\Foundation\Console\Kernel->handle(Object(Symfony\Component\Console\Input\ArgvInput), Object(Symfony\Component\Console\Output\ConsoleOutput))
#15 {main}  
